 2016-03-03 14:43:58:342 Thread ID=4872 CCancelAutoPlayApp::InitInstance   enter
 2016-03-03 14:43:58:342 Thread ID=4872 CCancelAutoPlayApp::InitInstance   command line=run
 2016-03-03 14:43:58:342 Thread ID=4872 CCancelAutoPlayApp::DoRun   enter
 2016-03-03 14:43:58:358 Thread ID=4872 CQueryCancelAutoplay::StartCancelAutoPlay   enter
 2016-03-03 14:43:58:358 Thread ID=4872 CQueryCancelAutoplay::ReadGUID   enter
 2016-03-03 14:43:58:358 Thread ID=4872 CQueryCancelAutoplay::ReadGUID   Guid={F9A28BF1-B667-4dad-9293-FE3851473B14}
 2016-03-03 14:43:58:780 Thread ID=4872 CQueryCancelAutoplay::_RegisterForIQueryCancelAutoplay   enter
 2016-03-03 14:43:58:796 Thread ID=4872 CQueryCancelAutoplay::_RegisterForIQueryCancelAutoplay   Register ok
 2016-03-03 14:43:58:796 Thread ID=4872 CQueryCancelAutoplay::_RegisterForIQueryCancelAutoplay   leave
 2016-03-03 14:43:58:796 Thread ID=4872 CQueryCancelAutoplay::StartCancelAutoPlay   leave
 2016-03-03 19:36:15:732 Thread ID=5748 CCancelAutoPlayApp::InitInstance   enter
 2016-03-03 19:36:15:732 Thread ID=5748 CCancelAutoPlayApp::InitInstance   command line=run
 2016-03-03 19:36:15:732 Thread ID=5748 CCancelAutoPlayApp::DoRun   enter
 2016-03-03 19:36:15:748 Thread ID=5748 CQueryCancelAutoplay::StartCancelAutoPlay   enter
 2016-03-03 19:36:15:748 Thread ID=5748 CQueryCancelAutoplay::ReadGUID   enter
 2016-03-03 19:36:15:748 Thread ID=5748 CQueryCancelAutoplay::ReadGUID   Guid={F9A28BF1-B667-4dad-9293-FE3851473B14}
 2016-03-03 19:36:15:764 Thread ID=5748 CQueryCancelAutoplay::_RegisterForIQueryCancelAutoplay   enter
 2016-03-03 19:36:15:764 Thread ID=5748 CQueryCancelAutoplay::_RegisterForIQueryCancelAutoplay   Register ok
 2016-03-03 19:36:15:764 Thread ID=5748 CQueryCancelAutoplay::_RegisterForIQueryCancelAutoplay   leave
 2016-03-03 19:36:15:779 Thread ID=5748 CQueryCancelAutoplay::StartCancelAutoPlay   leave
 2016-03-03 21:50:01:971 Thread ID=3200 CCancelAutoPlayApp::InitInstance   enter
 2016-03-03 21:50:01:987 Thread ID=3200 CCancelAutoPlayApp::InitInstance   command line=run
 2016-03-03 21:50:01:987 Thread ID=3200 CCancelAutoPlayApp::DoRun   enter
 2016-03-03 21:50:01:987 Thread ID=3200 CQueryCancelAutoplay::StartCancelAutoPlay   enter
 2016-03-03 21:50:01:987 Thread ID=3200 CQueryCancelAutoplay::ReadGUID   enter
 2016-03-03 21:50:02:003 Thread ID=3200 CQueryCancelAutoplay::ReadGUID   Guid={F9A28BF1-B667-4dad-9293-FE3851473B14}
 2016-03-03 21:50:02:003 Thread ID=3200 CQueryCancelAutoplay::_RegisterForIQueryCancelAutoplay   enter
 2016-03-03 21:50:02:003 Thread ID=3200 CQueryCancelAutoplay::_RegisterForIQueryCancelAutoplay   Register ok
 2016-03-03 21:50:02:018 Thread ID=3200 CQueryCancelAutoplay::_RegisterForIQueryCancelAutoplay   leave
 2016-03-03 21:50:02:018 Thread ID=3200 CQueryCancelAutoplay::StartCancelAutoPlay   leave
