 2016-03-09 14:24:31:788 Thread ID=4244 CCancelAutoPlayApp::InitInstance   enter
 2016-03-09 14:24:31:804 Thread ID=4244 CCancelAutoPlayApp::InitInstance   command line=run
 2016-03-09 14:24:31:804 Thread ID=4244 CCancelAutoPlayApp::DoRun   enter
 2016-03-09 14:24:31:804 Thread ID=4244 CQueryCancelAutoplay::StartCancelAutoPlay   enter
 2016-03-09 14:24:31:851 Thread ID=4244 CQueryCancelAutoplay::ReadGUID   enter
 2016-03-09 14:24:31:867 Thread ID=4244 CQueryCancelAutoplay::ReadGUID   Guid={F9A28BF1-B667-4dad-9293-FE3851473B14}
 2016-03-09 14:24:31:867 Thread ID=4244 CQueryCancelAutoplay::_RegisterForIQueryCancelAutoplay   enter
 2016-03-09 14:24:31:867 Thread ID=4244 CQueryCancelAutoplay::_RegisterForIQueryCancelAutoplay   Register ok
 2016-03-09 14:24:31:882 Thread ID=4244 CQueryCancelAutoplay::_RegisterForIQueryCancelAutoplay   leave
 2016-03-09 14:24:31:882 Thread ID=4244 CQueryCancelAutoplay::StartCancelAutoPlay   leave
 2016-03-09 22:20:10:622 Thread ID=4520 CCancelAutoPlayApp::InitInstance   enter
 2016-03-09 22:20:10:622 Thread ID=4520 CCancelAutoPlayApp::InitInstance   command line=run
 2016-03-09 22:20:10:622 Thread ID=4520 CCancelAutoPlayApp::DoRun   enter
 2016-03-09 22:20:10:622 Thread ID=4520 CQueryCancelAutoplay::StartCancelAutoPlay   enter
 2016-03-09 22:20:10:637 Thread ID=4520 CQueryCancelAutoplay::ReadGUID   enter
 2016-03-09 22:20:10:637 Thread ID=4520 CQueryCancelAutoplay::ReadGUID   Guid={F9A28BF1-B667-4dad-9293-FE3851473B14}
 2016-03-09 22:20:10:637 Thread ID=4520 CQueryCancelAutoplay::_RegisterForIQueryCancelAutoplay   enter
 2016-03-09 22:20:10:700 Thread ID=4520 CQueryCancelAutoplay::_RegisterForIQueryCancelAutoplay   Register ok
 2016-03-09 22:20:11:028 Thread ID=4520 CQueryCancelAutoplay::_RegisterForIQueryCancelAutoplay   leave
 2016-03-09 22:20:11:028 Thread ID=4520 CQueryCancelAutoplay::StartCancelAutoPlay   leave
 2016-03-09 22:20:24:208 Thread ID=4608 CQueryCancelAutoplay::AllowAutoPlay   enter
 2016-03-09 22:20:24:208 Thread ID=4608 CQueryCancelAutoplay::AllowAutoPlay   allow autoplay
 2016-03-09 22:20:24:380 Thread ID=4608 CQueryCancelAutoplay::AllowAutoPlay   enter
 2016-03-09 22:20:24:380 Thread ID=4608 CQueryCancelAutoplay::AllowAutoPlay   allow autoplay
