 2016-03-11 10:08:03:570 Thread ID=3456 CCancelAutoPlayApp::InitInstance   enter
 2016-03-11 10:08:04:586 Thread ID=3456 CCancelAutoPlayApp::InitInstance   command line=run
 2016-03-11 10:08:04:586 Thread ID=3456 CCancelAutoPlayApp::DoRun   enter
 2016-03-11 10:08:04:586 Thread ID=3456 CQueryCancelAutoplay::StartCancelAutoPlay   enter
 2016-03-11 10:08:04:586 Thread ID=3456 CQueryCancelAutoplay::ReadGUID   enter
 2016-03-11 10:08:04:586 Thread ID=3456 CQueryCancelAutoplay::ReadGUID   Guid={F9A28BF1-B667-4dad-9293-FE3851473B14}
 2016-03-11 10:08:04:601 Thread ID=3456 CQueryCancelAutoplay::_RegisterForIQueryCancelAutoplay   enter
 2016-03-11 10:08:04:601 Thread ID=3456 CQueryCancelAutoplay::_RegisterForIQueryCancelAutoplay   Register ok
 2016-03-11 10:08:04:601 Thread ID=3456 CQueryCancelAutoplay::_RegisterForIQueryCancelAutoplay   leave
 2016-03-11 10:08:04:601 Thread ID=3456 CQueryCancelAutoplay::StartCancelAutoPlay   leave
 2016-03-11 16:45:53:734 Thread ID=4120 CCancelAutoPlayApp::InitInstance   enter
 2016-03-11 16:45:53:734 Thread ID=4120 CCancelAutoPlayApp::InitInstance   command line=run
 2016-03-11 16:45:53:734 Thread ID=4120 CCancelAutoPlayApp::DoRun   enter
 2016-03-11 16:45:53:734 Thread ID=4120 CQueryCancelAutoplay::StartCancelAutoPlay   enter
 2016-03-11 16:45:53:734 Thread ID=4120 CQueryCancelAutoplay::ReadGUID   enter
 2016-03-11 16:45:53:750 Thread ID=4120 CQueryCancelAutoplay::ReadGUID   Guid={F9A28BF1-B667-4dad-9293-FE3851473B14}
 2016-03-11 16:45:53:750 Thread ID=4120 CQueryCancelAutoplay::_RegisterForIQueryCancelAutoplay   enter
 2016-03-11 16:45:53:750 Thread ID=4120 CQueryCancelAutoplay::_RegisterForIQueryCancelAutoplay   Register ok
 2016-03-11 16:45:53:766 Thread ID=4120 CQueryCancelAutoplay::_RegisterForIQueryCancelAutoplay   leave
 2016-03-11 16:45:53:766 Thread ID=4120 CQueryCancelAutoplay::StartCancelAutoPlay   leave
 2016-03-11 19:07:30:989 Thread ID=580 CCancelAutoPlayApp::InitInstance   enter
 2016-03-11 19:07:31:036 Thread ID=580 CCancelAutoPlayApp::InitInstance   command line=run
 2016-03-11 19:07:31:036 Thread ID=580 CCancelAutoPlayApp::DoRun   enter
 2016-03-11 19:07:31:052 Thread ID=580 CQueryCancelAutoplay::StartCancelAutoPlay   enter
 2016-03-11 19:07:31:052 Thread ID=580 CQueryCancelAutoplay::ReadGUID   enter
 2016-03-11 19:07:31:052 Thread ID=580 CQueryCancelAutoplay::ReadGUID   Guid={F9A28BF1-B667-4dad-9293-FE3851473B14}
 2016-03-11 19:07:31:067 Thread ID=580 CQueryCancelAutoplay::_RegisterForIQueryCancelAutoplay   enter
 2016-03-11 19:07:31:067 Thread ID=580 CQueryCancelAutoplay::_RegisterForIQueryCancelAutoplay   Register ok
 2016-03-11 19:07:31:067 Thread ID=580 CQueryCancelAutoplay::_RegisterForIQueryCancelAutoplay   leave
 2016-03-11 19:07:31:083 Thread ID=580 CQueryCancelAutoplay::StartCancelAutoPlay   leave
