 2016-03-02 02:07:12:660 Thread ID=976 CCancelAutoPlayApp::InitInstance   enter
 2016-03-02 02:07:12:660 Thread ID=976 CCancelAutoPlayApp::InitInstance   command line=run
 2016-03-02 02:07:12:660 Thread ID=976 CCancelAutoPlayApp::DoRun   enter
 2016-03-02 02:07:12:676 Thread ID=976 CQueryCancelAutoplay::StartCancelAutoPlay   enter
 2016-03-02 02:07:12:676 Thread ID=976 CQueryCancelAutoplay::ReadGUID   enter
 2016-03-02 02:07:12:676 Thread ID=976 CQueryCancelAutoplay::ReadGUID   Guid={F9A28BF1-B667-4dad-9293-FE3851473B14}
 2016-03-02 02:07:12:692 Thread ID=976 CQueryCancelAutoplay::_RegisterForIQueryCancelAutoplay   enter
 2016-03-02 02:07:12:707 Thread ID=976 CQueryCancelAutoplay::_RegisterForIQueryCancelAutoplay   Register ok
 2016-03-02 02:07:12:707 Thread ID=976 CQueryCancelAutoplay::_RegisterForIQueryCancelAutoplay   leave
 2016-03-02 02:07:12:707 Thread ID=976 CQueryCancelAutoplay::StartCancelAutoPlay   leave
 2016-03-02 19:10:16:548 Thread ID=4196 CCancelAutoPlayApp::InitInstance   enter
 2016-03-02 19:10:16:563 Thread ID=4196 CCancelAutoPlayApp::InitInstance   command line=run
 2016-03-02 19:10:16:563 Thread ID=4196 CCancelAutoPlayApp::DoRun   enter
 2016-03-02 19:10:16:563 Thread ID=4196 CQueryCancelAutoplay::StartCancelAutoPlay   enter
 2016-03-02 19:10:16:563 Thread ID=4196 CQueryCancelAutoplay::ReadGUID   enter
 2016-03-02 19:10:16:563 Thread ID=4196 CQueryCancelAutoplay::ReadGUID   Guid={F9A28BF1-B667-4dad-9293-FE3851473B14}
 2016-03-02 19:10:16:579 Thread ID=4196 CQueryCancelAutoplay::_RegisterForIQueryCancelAutoplay   enter
 2016-03-02 19:10:16:579 Thread ID=4196 CQueryCancelAutoplay::_RegisterForIQueryCancelAutoplay   Register ok
 2016-03-02 19:10:16:579 Thread ID=4196 CQueryCancelAutoplay::_RegisterForIQueryCancelAutoplay   leave
 2016-03-02 19:10:16:594 Thread ID=4196 CQueryCancelAutoplay::StartCancelAutoPlay   leave
 2016-03-02 23:26:31:548 Thread ID=2972 CCancelAutoPlayApp::InitInstance   enter
 2016-03-02 23:26:31:564 Thread ID=2972 CCancelAutoPlayApp::InitInstance   command line=run
 2016-03-02 23:26:31:564 Thread ID=2972 CCancelAutoPlayApp::DoRun   enter
 2016-03-02 23:26:31:564 Thread ID=2972 CQueryCancelAutoplay::StartCancelAutoPlay   enter
 2016-03-02 23:26:31:579 Thread ID=2972 CQueryCancelAutoplay::ReadGUID   enter
 2016-03-02 23:26:31:579 Thread ID=2972 CQueryCancelAutoplay::ReadGUID   Guid={F9A28BF1-B667-4dad-9293-FE3851473B14}
 2016-03-02 23:26:31:579 Thread ID=2972 CQueryCancelAutoplay::_RegisterForIQueryCancelAutoplay   enter
 2016-03-02 23:26:31:595 Thread ID=2972 CQueryCancelAutoplay::_RegisterForIQueryCancelAutoplay   Register ok
 2016-03-02 23:26:31:595 Thread ID=2972 CQueryCancelAutoplay::_RegisterForIQueryCancelAutoplay   leave
 2016-03-02 23:26:31:595 Thread ID=2972 CQueryCancelAutoplay::StartCancelAutoPlay   leave
