 2016-03-05 00:15:29:866 Thread ID=364 CCancelAutoPlayApp::InitInstance   enter
 2016-03-05 00:15:29:866 Thread ID=364 CCancelAutoPlayApp::InitInstance   command line=run
 2016-03-05 00:15:29:897 Thread ID=364 CCancelAutoPlayApp::DoRun   enter
 2016-03-05 00:15:29:897 Thread ID=364 CQueryCancelAutoplay::StartCancelAutoPlay   enter
 2016-03-05 00:15:29:897 Thread ID=364 CQueryCancelAutoplay::ReadGUID   enter
 2016-03-05 00:15:29:897 Thread ID=364 CQueryCancelAutoplay::ReadGUID   Guid={F9A28BF1-B667-4dad-9293-FE3851473B14}
 2016-03-05 00:15:29:897 Thread ID=364 CQueryCancelAutoplay::_RegisterForIQueryCancelAutoplay   enter
 2016-03-05 00:15:29:913 Thread ID=364 CQueryCancelAutoplay::_RegisterForIQueryCancelAutoplay   Register ok
 2016-03-05 00:15:29:913 Thread ID=364 CQueryCancelAutoplay::_RegisterForIQueryCancelAutoplay   leave
 2016-03-05 00:15:29:929 Thread ID=364 CQueryCancelAutoplay::StartCancelAutoPlay   leave
 2016-03-05 10:14:52:515 Thread ID=6952 CCancelAutoPlayApp::InitInstance   enter
 2016-03-05 10:14:52:515 Thread ID=6952 CCancelAutoPlayApp::InitInstance   command line=run
 2016-03-05 10:14:52:515 Thread ID=6952 CCancelAutoPlayApp::DoRun   enter
 2016-03-05 10:14:52:531 Thread ID=6952 CQueryCancelAutoplay::StartCancelAutoPlay   enter
 2016-03-05 10:14:52:531 Thread ID=6952 CQueryCancelAutoplay::ReadGUID   enter
 2016-03-05 10:14:52:531 Thread ID=6952 CQueryCancelAutoplay::ReadGUID   Guid={F9A28BF1-B667-4dad-9293-FE3851473B14}
 2016-03-05 10:14:52:531 Thread ID=6952 CQueryCancelAutoplay::_RegisterForIQueryCancelAutoplay   enter
 2016-03-05 10:14:52:547 Thread ID=6952 CQueryCancelAutoplay::_RegisterForIQueryCancelAutoplay   Register ok
 2016-03-05 10:14:52:547 Thread ID=6952 CQueryCancelAutoplay::_RegisterForIQueryCancelAutoplay   leave
 2016-03-05 10:14:52:547 Thread ID=6952 CQueryCancelAutoplay::StartCancelAutoPlay   leave
 2016-03-05 15:21:17:846 Thread ID=4228 CCancelAutoPlayApp::InitInstance   enter
 2016-03-05 15:21:17:846 Thread ID=4228 CCancelAutoPlayApp::InitInstance   command line=run
 2016-03-05 15:21:17:846 Thread ID=4228 CCancelAutoPlayApp::DoRun   enter
 2016-03-05 15:21:17:846 Thread ID=4228 CQueryCancelAutoplay::StartCancelAutoPlay   enter
 2016-03-05 15:21:17:861 Thread ID=4228 CQueryCancelAutoplay::ReadGUID   enter
 2016-03-05 15:21:17:861 Thread ID=4228 CQueryCancelAutoplay::ReadGUID   Guid={F9A28BF1-B667-4dad-9293-FE3851473B14}
 2016-03-05 15:21:17:861 Thread ID=4228 CQueryCancelAutoplay::_RegisterForIQueryCancelAutoplay   enter
 2016-03-05 15:21:17:877 Thread ID=4228 CQueryCancelAutoplay::_RegisterForIQueryCancelAutoplay   Register ok
 2016-03-05 15:21:17:892 Thread ID=4228 CQueryCancelAutoplay::_RegisterForIQueryCancelAutoplay   leave
 2016-03-05 15:21:17:892 Thread ID=4228 CQueryCancelAutoplay::StartCancelAutoPlay   leave
 2016-03-05 21:02:31:184 Thread ID=4524 CCancelAutoPlayApp::InitInstance   enter
 2016-03-05 21:02:31:200 Thread ID=4524 CCancelAutoPlayApp::InitInstance   command line=run
 2016-03-05 21:02:31:200 Thread ID=4524 CCancelAutoPlayApp::DoRun   enter
 2016-03-05 21:02:31:200 Thread ID=4524 CQueryCancelAutoplay::StartCancelAutoPlay   enter
 2016-03-05 21:02:31:200 Thread ID=4524 CQueryCancelAutoplay::ReadGUID   enter
 2016-03-05 21:02:31:215 Thread ID=4524 CQueryCancelAutoplay::ReadGUID   Guid={F9A28BF1-B667-4dad-9293-FE3851473B14}
 2016-03-05 21:02:31:215 Thread ID=4524 CQueryCancelAutoplay::_RegisterForIQueryCancelAutoplay   enter
 2016-03-05 21:02:31:215 Thread ID=4524 CQueryCancelAutoplay::_RegisterForIQueryCancelAutoplay   Register ok
 2016-03-05 21:02:31:231 Thread ID=4524 CQueryCancelAutoplay::_RegisterForIQueryCancelAutoplay   leave
 2016-03-05 21:02:31:231 Thread ID=4524 CQueryCancelAutoplay::StartCancelAutoPlay   leave
