 2016-03-12 12:14:11:110 Thread ID=3784 CCancelAutoPlayApp::InitInstance   enter
 2016-03-12 12:14:11:142 Thread ID=3784 CCancelAutoPlayApp::InitInstance   command line=run
 2016-03-12 12:14:11:142 Thread ID=3784 CCancelAutoPlayApp::DoRun   enter
 2016-03-12 12:14:11:157 Thread ID=3784 CQueryCancelAutoplay::StartCancelAutoPlay   enter
 2016-03-12 12:14:11:157 Thread ID=3784 CQueryCancelAutoplay::ReadGUID   enter
 2016-03-12 12:14:11:189 Thread ID=3784 CQueryCancelAutoplay::ReadGUID   Guid={F9A28BF1-B667-4dad-9293-FE3851473B14}
 2016-03-12 12:14:11:236 Thread ID=3784 CQueryCancelAutoplay::_RegisterForIQueryCancelAutoplay   enter
 2016-03-12 12:14:11:251 Thread ID=3784 CQueryCancelAutoplay::_RegisterForIQueryCancelAutoplay   Register ok
 2016-03-12 12:14:11:251 Thread ID=3784 CQueryCancelAutoplay::_RegisterForIQueryCancelAutoplay   leave
 2016-03-12 12:14:11:251 Thread ID=3784 CQueryCancelAutoplay::StartCancelAutoPlay   leave
 2016-03-12 19:13:39:878 Thread ID=3828 CCancelAutoPlayApp::InitInstance   enter
 2016-03-12 19:13:39:893 Thread ID=3828 CCancelAutoPlayApp::InitInstance   command line=run
 2016-03-12 19:13:39:893 Thread ID=3828 CCancelAutoPlayApp::DoRun   enter
 2016-03-12 19:13:39:893 Thread ID=3828 CQueryCancelAutoplay::StartCancelAutoPlay   enter
 2016-03-12 19:13:39:893 Thread ID=3828 CQueryCancelAutoplay::ReadGUID   enter
 2016-03-12 19:13:39:909 Thread ID=3828 CQueryCancelAutoplay::ReadGUID   Guid={F9A28BF1-B667-4dad-9293-FE3851473B14}
 2016-03-12 19:13:39:909 Thread ID=3828 CQueryCancelAutoplay::_RegisterForIQueryCancelAutoplay   enter
 2016-03-12 19:13:39:909 Thread ID=3828 CQueryCancelAutoplay::_RegisterForIQueryCancelAutoplay   Register ok
 2016-03-12 19:13:39:909 Thread ID=3828 CQueryCancelAutoplay::_RegisterForIQueryCancelAutoplay   leave
 2016-03-12 19:13:39:925 Thread ID=3828 CQueryCancelAutoplay::StartCancelAutoPlay   leave
